Performing C SOURCE FILE Test CMAKE_HAVE_LIBC_PTHREAD failed with the following output:
Change Dir: /home/sfulham/dev/InternalEngine/Internal/libs/vulkan/Linux/samples/CMakeFiles/CMakeTmp

Run Build Command(s):/usr/bin/make cmTC_b5c0e/fast && /usr/bin/make  -f CMakeFiles/cmTC_b5c0e.dir/build.make CMakeFiles/cmTC_b5c0e.dir/build
make[1]: Entering directory '/home/sfulham/dev/InternalEngine/Internal/libs/vulkan/Linux/samples/CMakeFiles/CMakeTmp'
Building C object CMakeFiles/cmTC_b5c0e.dir/src.c.o
/usr/bin/cc   -std=c99 -Wall -Wextra -Wno-unused-parameter -Wno-missing-field-initializers -fno-strict-aliasing -fno-builtin-memcmp -fvisibility=hidden -DCMAKE_HAVE_LIBC_PTHREAD   -o CMakeFiles/cmTC_b5c0e.dir/src.c.o   -c /home/sfulham/dev/InternalEngine/Internal/libs/vulkan/Linux/samples/CMakeFiles/CMakeTmp/src.c
Linking C executable cmTC_b5c0e
/usr/bin/cmake -E cmake_link_script CMakeFiles/cmTC_b5c0e.dir/link.txt --verbose=1
/usr/bin/cc  -std=c99 -Wall -Wextra -Wno-unused-parameter -Wno-missing-field-initializers -fno-strict-aliasing -fno-builtin-memcmp -fvisibility=hidden -DCMAKE_HAVE_LIBC_PTHREAD    CMakeFiles/cmTC_b5c0e.dir/src.c.o  -o cmTC_b5c0e 
/usr/bin/ld: CMakeFiles/cmTC_b5c0e.dir/src.c.o: in function `main':
src.c:(.text+0x3e): undefined reference to `pthread_create'
/usr/bin/ld: src.c:(.text+0x4a): undefined reference to `pthread_detach'
/usr/bin/ld: src.c:(.text+0x56): undefined reference to `pthread_cancel'
/usr/bin/ld: src.c:(.text+0x67): undefined reference to `pthread_join'
collect2: error: ld returned 1 exit status
make[1]: *** [CMakeFiles/cmTC_b5c0e.dir/build.make:107: cmTC_b5c0e] Error 1
make[1]: Leaving directory '/home/sfulham/dev/InternalEngine/Internal/libs/vulkan/Linux/samples/CMakeFiles/CMakeTmp'
make: *** [Makefile:141: cmTC_b5c0e/fast] Error 2


Source file was:
#include <pthread.h>

void* test_func(void* data)
{
  return data;
}

int main(void)
{
  pthread_t thread;
  pthread_create(&thread, NULL, test_func, NULL);
  pthread_detach(thread);
  pthread_cancel(thread);
  pthread_join(thread, NULL);
  pthread_atfork(NULL, NULL, NULL);
  pthread_exit(NULL);

  return 0;
}

Determining if the function pthread_create exists in the pthreads failed with the following output:
Change Dir: /home/sfulham/dev/InternalEngine/Internal/libs/vulkan/Linux/samples/CMakeFiles/CMakeTmp

Run Build Command(s):/usr/bin/make cmTC_dadfe/fast && /usr/bin/make  -f CMakeFiles/cmTC_dadfe.dir/build.make CMakeFiles/cmTC_dadfe.dir/build
make[1]: Entering directory '/home/sfulham/dev/InternalEngine/Internal/libs/vulkan/Linux/samples/CMakeFiles/CMakeTmp'
Building C object CMakeFiles/cmTC_dadfe.dir/CheckFunctionExists.c.o
/usr/bin/cc   -std=c99 -Wall -Wextra -Wno-unused-parameter -Wno-missing-field-initializers -fno-strict-aliasing -fno-builtin-memcmp -fvisibility=hidden -DCHECK_FUNCTION_EXISTS=pthread_create   -o CMakeFiles/cmTC_dadfe.dir/CheckFunctionExists.c.o   -c /usr/share/cmake-3.17/Modules/CheckFunctionExists.c
Linking C executable cmTC_dadfe
/usr/bin/cmake -E cmake_link_script CMakeFiles/cmTC_dadfe.dir/link.txt --verbose=1
/usr/bin/cc  -std=c99 -Wall -Wextra -Wno-unused-parameter -Wno-missing-field-initializers -fno-strict-aliasing -fno-builtin-memcmp -fvisibility=hidden -DCHECK_FUNCTION_EXISTS=pthread_create    CMakeFiles/cmTC_dadfe.dir/CheckFunctionExists.c.o  -o cmTC_dadfe  -lpthreads 
/usr/bin/ld: cannot find -lpthreads
collect2: error: ld returned 1 exit status
make[1]: *** [CMakeFiles/cmTC_dadfe.dir/build.make:107: cmTC_dadfe] Error 1
make[1]: Leaving directory '/home/sfulham/dev/InternalEngine/Internal/libs/vulkan/Linux/samples/CMakeFiles/CMakeTmp'
make: *** [Makefile:141: cmTC_dadfe/fast] Error 2



